
SQL*Loader: Release 11.2.0.2.0 - Production on ¿¿ ¿¿¿ 7 22:08:17 2018

Copyright (c) 1982, 2009, Oracle and/or its affiliates.  All rights reserved.

Control File:   a2.ctl
Data File:      a2.ctl
  Bad File:     a2.bad
  Discard File:  none specified
 
 (Allow all discards)

Number to load: ALL
Number to skip: 0
Errors allowed: 50
Bind array:     64 rows, maximum of 256000 bytes
Continuation:    none specified
Path used:      Conventional

Table BOOKS_ADMIN.XX_MYEXAMPLE2, loaded from every logical record.
Insert option in effect for this table: TRUNCATE
TRAILING NULLCOLS option in effect

   Column Name                  Position   Len  Term Encl Datatype
------------------------------ ---------- ----- ---- ---- ---------------------
ID                                  FIRST     *   ,       CHARACTER            
ITEM                                 NEXT     *   $       CHARACTER            
COLOR                                NEXT     *   ^       CHARACTER            
PRICE                                NEXT     *   ,       CHARACTER            
WEIGHT                               NEXT     *   ,       CHARACTER            
  (FILLER FIELD)
CREATION_DATE                        NEXT     *   ,       DATE dd-mm-yyyy      


Table BOOKS_ADMIN.XX_MYEXAMPLE2:
  3 Rows successfully loaded.
  0 Rows not loaded due to data errors.
  0 Rows not loaded because all WHEN clauses were failed.
  0 Rows not loaded because all fields were null.


Space allocated for bind array:                  82560 bytes(64 rows)
Read   buffer bytes: 1048576

Total logical records skipped:          0
Total logical records read:             3
Total logical records rejected:         0
Total logical records discarded:        0

Run began on ¿¿ ¿¿¿ 07 22:08:17 2018
Run ended on ¿¿ ¿¿¿ 07 22:08:17 2018

Elapsed time was:     00:00:00.22
CPU time was:         00:00:00.01
